[INFO] Scanning for projects...
[INFO] 
[INFO] -----------------------< com.gourmethub:backend >-----------------------
[INFO] Building backend 0.0.1-SNAPSHOT
[INFO]   from pom.xml
[INFO] --------------------------------[ jar ]---------------------------------
[INFO] 
[INFO] >>> spring-boot:3.1.4:run (default-cli) > test-compile @ backend >>>
[INFO] 
[INFO] --- resources:3.3.1:resources (default-resources) @ backend ---
[INFO] Copying 2 resources from src\main\resources to target\classes
[INFO] Copying 0 resource from src\main\resources to target\classes
[INFO] 
[INFO] --- compiler:3.11.0:compile (default-compile) @ backend ---
[INFO] Nothing to compile - all classes are up to date
[INFO] 
[INFO] --- resources:3.3.1:testResources (default-testResources) @ backend ---
[INFO] skip non existing resourceDirectory C:\Users\julig\Desktop\AplicacionServicioComedores\backend\src\test\resources
[INFO] 
[INFO] --- compiler:3.11.0:testCompile (default-testCompile) @ backend ---
[INFO] No sources to compile
[INFO] 
[INFO] <<< spring-boot:3.1.4:run (default-cli) < test-compile @ backend <<<
[INFO] 
[INFO] 
[INFO] --- spring-boot:3.1.4:run (default-cli) @ backend ---
[INFO] Attaching agents: []

  .   ____          _            __ _ _
 /\\ / ___'_ __ _ _(_)_ __  __ _ \ \ \ \
( ( )\___ | '_ | '_| | '_ \/ _` | \ \ \ \
 \\/  ___)| |_)| | | | | || (_| |  ) ) ) )
  '  |____| .__|_| |_|_| |_\__, | / / / /
 =========|_|==============|___/=/_/_/_/
 :: Spring Boot ::                (v3.1.4)

2025-11-15T18:24:01.028-03:00  INFO 17644 --- [           main] com.gourmethub.backend.Application       : Starting Application using Java 20.0.2 with PID 17644 (C:\Users\julig\Desktop\AplicacionServicioComedores\backend\target\classes started by julig in C:\Users\julig\Desktop\AplicacionServicioComedores\backend)
2025-11-15T18:24:01.033-03:00  INFO 17644 --- [           main] com.gourmethub.backend.Application       : The following 1 profile is active: "dev"
2025-11-15T18:24:03.100-03:00  INFO 17644 --- [           main] .s.d.r.c.RepositoryConfigurationDelegate : Bootstrapping Spring Data JPA repositories in DEFAULT mode.
2025-11-15T18:24:03.257-03:00  INFO 17644 --- [           main] .s.d.r.c.RepositoryConfigurationDelegate : Finished Spring Data repository scanning in 142 ms. Found 3 JPA repository interfaces.
2025-11-15T18:24:05.066-03:00  INFO 17644 --- [           main] o.s.b.w.embedded.tomcat.TomcatWebServer  : Tomcat initialized with port(s): 8080 (http)
2025-11-15T18:24:05.091-03:00  INFO 17644 --- [           main] o.apache.catalina.core.StandardService   : Starting service [Tomcat]
2025-11-15T18:24:05.093-03:00  INFO 17644 --- [           main] o.apache.catalina.core.StandardEngine    : Starting Servlet engine: [Apache Tomcat/10.1.13]
2025-11-15T18:24:05.351-03:00  INFO 17644 --- [           main] o.a.c.c.C.[Tomcat].[localhost].[/]       : Initializing Spring embedded WebApplicationContext
2025-11-15T18:24:05.355-03:00  INFO 17644 --- [           main] w.s.c.ServletWebServerApplicationContext : Root WebApplicationContext: initialization completed in 4219 ms
2025-11-15T18:24:05.477-03:00  INFO 17644 --- [           main] com.zaxxer.hikari.HikariDataSource       : HikariPool-1 - Starting...
2025-11-15T18:24:06.173-03:00  INFO 17644 --- [           main] com.zaxxer.hikari.pool.HikariPool        : HikariPool-1 - Added connection conn0: url=jdbc:h2:file:./data/gourmet user=SA
2025-11-15T18:24:06.177-03:00  INFO 17644 --- [           main] com.zaxxer.hikari.HikariDataSource       : HikariPool-1 - Start completed.
2025-11-15T18:24:06.203-03:00  INFO 17644 --- [           main] o.s.b.a.h2.H2ConsoleAutoConfiguration    : H2 console available at '/h2-console'. Database available at 'jdbc:h2:file:./data/gourmet'
2025-11-15T18:24:06.885-03:00  INFO 17644 --- [           main] o.hibernate.jpa.internal.util.LogHelper  : HHH000204: Processing PersistenceUnitInfo [name: default]
2025-11-15T18:24:07.080-03:00  INFO 17644 --- [           main] org.hibernate.Version                    : HHH000412: Hibernate ORM core version 6.2.9.Final
2025-11-15T18:24:07.088-03:00  INFO 17644 --- [           main] org.hibernate.cfg.Environment            : HHH000406: Using bytecode reflection optimizer
2025-11-15T18:24:07.489-03:00  INFO 17644 --- [           main] o.h.b.i.BytecodeProviderInitiator        : HHH000021: Bytecode provider name : bytebuddy
2025-11-15T18:24:08.452-03:00  INFO 17644 --- [           main] o.s.o.j.p.SpringPersistenceUnitInfo      : No LoadTimeWeaver setup: ignoring JPA class transformer
2025-11-15T18:24:10.859-03:00  INFO 17644 --- [           main] o.h.b.i.BytecodeProviderInitiator        : HHH000021: Bytecode provider name : bytebuddy
2025-11-15T18:24:22.146-03:00  INFO 17644 --- [           main] o.h.e.t.j.p.i.JtaPlatformInitiator       : HHH000490: Using JtaPlatform implementation: [org.hibernate.engine.transaction.jta.platform.internal.NoJtaPlatform]
2025-11-15T18:24:22.351-03:00  INFO 17644 --- [           main] j.LocalContainerEntityManagerFactoryBean : Initialized JPA EntityManagerFactory for persistence unit 'default'
2025-11-15T18:24:27.243-03:00  WARN 17644 --- [           main] JpaBaseConfiguration$JpaWebConfiguration : spring.jpa.open-in-view is enabled by default. Therefore, database queries may be performed during view rendering. Explicitly configure spring.jpa.open-in-view to disable this warning
2025-11-15T18:24:27.679-03:00  WARN 17644 --- [           main] .s.s.UserDetailsServiceAutoConfiguration : 

Using generated security password: 4c9ea09d-d792-4f1e-94c3-af2c9a4993a2

This generated password is for development use only. Your security configuration must be updated before running your application in production.

2025-11-15T18:24:29.720-03:00  INFO 17644 --- [           main] o.s.s.web.DefaultSecurityFilterChain     : Will secure any request with [org.springframework.security.web.session.DisableEncodeUrlFilter@5b11d0d8, org.springframework.security.web.context.request.async.WebAsyncManagerIntegrationFilter@5cf39df6, org.springframework.security.web.context.SecurityContextHolderFilter@49994a4, org.springframework.security.web.header.HeaderWriterFilter@188532da, org.springframework.web.filter.CorsFilter@46ae897c, org.springframework.security.web.authentication.logout.LogoutFilter@3615f8d9, com.gourmethub.backend.config.JwtFilter@592ca48c, org.springframework.security.web.savedrequest.RequestCacheAwareFilter@3df54fd5, org.springframework.security.web.servletapi.SecurityContextHolderAwareRequestFilter@178c4480, org.springframework.security.web.authentication.AnonymousAuthenticationFilter@44846c76, org.springframework.security.web.session.SessionManagementFilter@39179470, org.springframework.security.web.access.ExceptionTranslationFilter@43c64d6f, org.springframework.security.web.access.intercept.AuthorizationFilter@55ba4bff]
2025-11-15T18:24:30.946-03:00  INFO 17644 --- [           main] o.s.b.w.embedded.tomcat.TomcatWebServer  : Tomcat started on port(s): 8080 (http) with context path ''
2025-11-15T18:24:30.972-03:00  INFO 17644 --- [           main] com.gourmethub.backend.Application       : Started Application in 30.968 seconds (process running for 31.981)
2025-11-15T18:24:31.224-03:00  INFO 17644 --- [nio-8080-exec-2] o.a.c.c.C.[Tomcat].[localhost].[/]       : Initializing Spring DispatcherServlet 'dispatcherServlet'
2025-11-15T18:24:31.225-03:00  INFO 17644 --- [nio-8080-exec-2] o.s.web.servlet.DispatcherServlet        : Initializing Servlet 'dispatcherServlet'
2025-11-15T18:24:31.227-03:00  INFO 17644 --- [nio-8080-exec-2] o.s.web.servlet.DispatcherServlet        : Completed initialization in 2 ms
2025-11-15T18:24:31.259-03:00 DEBUG 17644 --- [nio-8080-exec-2] o.s.security.web.FilterChainProxy        : Securing GET /
2025-11-15T18:24:31.316-03:00 DEBUG 17644 --- [nio-8080-exec-2] o.s.s.w.a.AnonymousAuthenticationFilter  : Set SecurityContextHolder to anonymous SecurityContext
2025-11-15T18:24:31.320-03:00 DEBUG 17644 --- [nio-8080-exec-2] o.s.security.web.FilterChainProxy        : Secured GET /
2025-11-15T18:24:31.604-03:00 DEBUG 17644 --- [nio-8080-exec-1] o.s.security.web.FilterChainProxy        : Securing GET /api/items
2025-11-15T18:24:31.606-03:00 DEBUG 17644 --- [nio-8080-exec-1] o.s.s.w.a.AnonymousAuthenticationFilter  : Set SecurityContextHolder to anonymous SecurityContext
2025-11-15T18:24:31.608-03:00 DEBUG 17644 --- [nio-8080-exec-1] o.s.security.web.FilterChainProxy        : Secured GET /api/items
2025-11-15T18:24:32.169-03:00 DEBUG 17644 --- [nio-8080-exec-3] o.s.security.web.FilterChainProxy        : Securing GET /favicon.ico
2025-11-15T18:24:32.181-03:00 DEBUG 17644 --- [nio-8080-exec-3] o.s.s.w.a.AnonymousAuthenticationFilter  : Set SecurityContextHolder to anonymous SecurityContext
2025-11-15T18:24:32.181-03:00 DEBUG 17644 --- [nio-8080-exec-3] o.s.security.web.FilterChainProxy        : Secured GET /favicon.ico
2025-11-15T18:24:32.209-03:00 DEBUG 17644 --- [nio-8080-exec-3] o.s.security.web.FilterChainProxy        : Securing GET /error
2025-11-15T18:24:32.209-03:00 DEBUG 17644 --- [nio-8080-exec-3] o.s.security.web.FilterChainProxy        : Secured GET /error
2025-11-15T18:24:32.247-03:00 DEBUG 17644 --- [nio-8080-exec-3] o.s.s.w.a.AnonymousAuthenticationFilter  : Set SecurityContextHolder to anonymous SecurityContext
2025-11-15T18:25:21.419-03:00 DEBUG 17644 --- [nio-8080-exec-4] o.s.security.web.FilterChainProxy        : Securing DELETE /api/items/35
2025-11-15T18:25:21.442-03:00 DEBUG 17644 --- [nio-8080-exec-4] o.s.s.w.a.AnonymousAuthenticationFilter  : Set SecurityContextHolder to anonymous SecurityContext
2025-11-15T18:25:21.442-03:00 DEBUG 17644 --- [nio-8080-exec-4] o.s.security.web.FilterChainProxy        : Secured DELETE /api/items/35
2025-11-15T18:25:29.327-03:00 DEBUG 17644 --- [nio-8080-exec-5] o.s.security.web.FilterChainProxy        : Securing DELETE /api/items/33
2025-11-15T18:25:29.330-03:00 DEBUG 17644 --- [nio-8080-exec-5] o.s.s.w.a.AnonymousAuthenticationFilter  : Set SecurityContextHolder to anonymous SecurityContext
2025-11-15T18:25:29.344-03:00 DEBUG 17644 --- [nio-8080-exec-5] o.s.security.web.FilterChainProxy        : Secured DELETE /api/items/33
2025-11-15T18:25:33.717-03:00 DEBUG 17644 --- [nio-8080-exec-8] o.s.security.web.FilterChainProxy        : Securing GET /api/items
2025-11-15T18:25:33.721-03:00 DEBUG 17644 --- [nio-8080-exec-8] o.s.s.w.a.AnonymousAuthenticationFilter  : Set SecurityContextHolder to anonymous SecurityContext
2025-11-15T18:25:33.723-03:00 DEBUG 17644 --- [nio-8080-exec-8] o.s.security.web.FilterChainProxy        : Secured GET /api/items
2025-11-15T18:25:58.444-03:00 DEBUG 17644 --- [nio-8080-exec-9] o.s.security.web.FilterChainProxy        : Securing DELETE /api/items/36
2025-11-15T18:25:58.446-03:00 DEBUG 17644 --- [nio-8080-exec-9] o.s.s.w.a.AnonymousAuthenticationFilter  : Set SecurityContextHolder to anonymous SecurityContext
2025-11-15T18:25:58.446-03:00 DEBUG 17644 --- [nio-8080-exec-9] o.s.security.web.FilterChainProxy        : Secured DELETE /api/items/36
2025-11-15T18:25:59.546-03:00 DEBUG 17644 --- [io-8080-exec-10] o.s.security.web.FilterChainProxy        : Securing GET /api/items
2025-11-15T18:25:59.552-03:00 DEBUG 17644 --- [io-8080-exec-10] o.s.s.w.a.AnonymousAuthenticationFilter  : Set SecurityContextHolder to anonymous SecurityContext
2025-11-15T18:25:59.553-03:00 DEBUG 17644 --- [io-8080-exec-10] o.s.security.web.FilterChainProxy        : Secured GET /api/items
2025-11-15T18:26:04.432-03:00 DEBUG 17644 --- [nio-8080-exec-2] o.s.security.web.FilterChainProxy        : Securing DELETE /api/items/34
2025-11-15T18:26:04.432-03:00 DEBUG 17644 --- [nio-8080-exec-2] o.s.s.w.a.AnonymousAuthenticationFilter  : Set SecurityContextHolder to anonymous SecurityContext
2025-11-15T18:26:04.432-03:00 DEBUG 17644 --- [nio-8080-exec-2] o.s.security.web.FilterChainProxy        : Secured DELETE /api/items/34
2025-11-15T18:26:06.065-03:00 DEBUG 17644 --- [nio-8080-exec-1] o.s.security.web.FilterChainProxy        : Securing GET /api/items
2025-11-15T18:26:06.068-03:00 DEBUG 17644 --- [nio-8080-exec-1] o.s.s.w.a.AnonymousAuthenticationFilter  : Set SecurityContextHolder to anonymous SecurityContext
2025-11-15T18:26:06.071-03:00 DEBUG 17644 --- [nio-8080-exec-1] o.s.security.web.FilterChainProxy        : Secured GET /api/items
2025-11-15T18:26:20.489-03:00 DEBUG 17644 --- [nio-8080-exec-3] o.s.security.web.FilterChainProxy        : Securing GET /api/menus
2025-11-15T18:26:20.489-03:00 DEBUG 17644 --- [nio-8080-exec-3] o.s.s.w.a.AnonymousAuthenticationFilter  : Set SecurityContextHolder to anonymous SecurityContext
2025-11-15T18:26:20.489-03:00 DEBUG 17644 --- [nio-8080-exec-3] o.s.security.web.FilterChainProxy        : Secured GET /api/menus
2025-11-15T18:26:55.058-03:00 DEBUG 17644 --- [nio-8080-exec-4] o.s.security.web.FilterChainProxy        : Securing POST /api/menus
2025-11-15T18:26:55.062-03:00 DEBUG 17644 --- [nio-8080-exec-4] o.s.s.w.a.AnonymousAuthenticationFilter  : Set SecurityContextHolder to anonymous SecurityContext
2025-11-15T18:26:55.062-03:00 DEBUG 17644 --- [nio-8080-exec-4] o.s.security.web.FilterChainProxy        : Secured POST /api/menus
2025-11-15T18:27:02.593-03:00 DEBUG 17644 --- [nio-8080-exec-5] o.s.security.web.FilterChainProxy        : Securing GET /api/menus
2025-11-15T18:27:02.594-03:00 DEBUG 17644 --- [nio-8080-exec-5] o.s.s.w.a.AnonymousAuthenticationFilter  : Set SecurityContextHolder to anonymous SecurityContext
2025-11-15T18:27:02.594-03:00 DEBUG 17644 --- [nio-8080-exec-5] o.s.security.web.FilterChainProxy        : Secured GET /api/menus
2025-11-15T18:27:10.091-03:00 DEBUG 17644 --- [nio-8080-exec-6] o.s.security.web.FilterChainProxy        : Securing GET /api/menus
2025-11-15T18:27:10.101-03:00 DEBUG 17644 --- [nio-8080-exec-6] o.s.s.w.a.AnonymousAuthenticationFilter  : Set SecurityContextHolder to anonymous SecurityContext
2025-11-15T18:27:10.106-03:00 DEBUG 17644 --- [nio-8080-exec-6] o.s.security.web.FilterChainProxy        : Secured GET /api/menus
2025-11-15T18:33:56.000-03:00 DEBUG 17644 --- [nio-8080-exec-8] o.s.security.web.FilterChainProxy        : Securing GET /api/menus
2025-11-15T18:33:56.002-03:00 DEBUG 17644 --- [nio-8080-exec-8] o.s.s.w.a.AnonymousAuthenticationFilter  : Set SecurityContextHolder to anonymous SecurityContext
2025-11-15T18:33:56.002-03:00 DEBUG 17644 --- [nio-8080-exec-8] o.s.security.web.FilterChainProxy        : Secured GET /api/menus
2025-11-15T18:33:56.587-03:00 DEBUG 17644 --- [nio-8080-exec-9] o.s.security.web.FilterChainProxy        : Securing DELETE /api/menus/1
2025-11-15T18:33:56.593-03:00 DEBUG 17644 --- [nio-8080-exec-9] o.s.s.w.a.AnonymousAuthenticationFilter  : Set SecurityContextHolder to anonymous SecurityContext
2025-11-15T18:33:56.593-03:00 DEBUG 17644 --- [nio-8080-exec-9] o.s.security.web.FilterChainProxy        : Secured DELETE /api/menus/1
2025-11-15T18:33:56.632-03:00 DEBUG 17644 --- [io-8080-exec-10] o.s.security.web.FilterChainProxy        : Securing GET /api/menus
2025-11-15T18:33:56.632-03:00 DEBUG 17644 --- [io-8080-exec-10] o.s.s.w.a.AnonymousAuthenticationFilter  : Set SecurityContextHolder to anonymous SecurityContext
2025-11-15T18:33:56.632-03:00 DEBUG 17644 --- [io-8080-exec-10] o.s.security.web.FilterChainProxy        : Secured GET /api/menus
2025-11-15T18:34:32.965-03:00 DEBUG 17644 --- [nio-8080-exec-2] o.s.security.web.FilterChainProxy        : Securing GET /api/menus
2025-11-15T18:34:32.967-03:00 DEBUG 17644 --- [nio-8080-exec-2] o.s.s.w.a.AnonymousAuthenticationFilter  : Set SecurityContextHolder to anonymous SecurityContext
2025-11-15T18:34:32.967-03:00 DEBUG 17644 --- [nio-8080-exec-2] o.s.security.web.FilterChainProxy        : Secured GET /api/menus
2025-11-15T18:34:33.046-03:00 DEBUG 17644 --- [nio-8080-exec-1] o.s.security.web.FilterChainProxy        : Securing DELETE /api/menus/2
2025-11-15T18:34:33.049-03:00 DEBUG 17644 --- [nio-8080-exec-1] o.s.s.w.a.AnonymousAuthenticationFilter  : Set SecurityContextHolder to anonymous SecurityContext
2025-11-15T18:34:33.050-03:00 DEBUG 17644 --- [nio-8080-exec-1] o.s.security.web.FilterChainProxy        : Secured DELETE /api/menus/2
2025-11-15T18:34:33.140-03:00 DEBUG 17644 --- [nio-8080-exec-3] o.s.security.web.FilterChainProxy        : Securing GET /api/menus
2025-11-15T18:34:33.142-03:00 DEBUG 17644 --- [nio-8080-exec-3] o.s.s.w.a.AnonymousAuthenticationFilter  : Set SecurityContextHolder to anonymous SecurityContext
2025-11-15T18:34:33.143-03:00 DEBUG 17644 --- [nio-8080-exec-3] o.s.security.web.FilterChainProxy        : Secured GET /api/menus
2025-11-15T18:36:00.870-03:00 DEBUG 17644 --- [nio-8080-exec-5] o.s.security.web.FilterChainProxy        : Securing GET /api/items
2025-11-15T18:36:00.870-03:00 DEBUG 17644 --- [nio-8080-exec-6] o.s.security.web.FilterChainProxy        : Securing GET /api/menus
2025-11-15T18:36:00.875-03:00 DEBUG 17644 --- [nio-8080-exec-6] o.s.s.w.a.AnonymousAuthenticationFilter  : Set SecurityContextHolder to anonymous SecurityContext
2025-11-15T18:36:00.876-03:00 DEBUG 17644 --- [nio-8080-exec-6] o.s.security.web.FilterChainProxy        : Secured GET /api/menus
2025-11-15T18:36:00.877-03:00 DEBUG 17644 --- [nio-8080-exec-5] o.s.s.w.a.AnonymousAuthenticationFilter  : Set SecurityContextHolder to anonymous SecurityContext
2025-11-15T18:36:00.877-03:00 DEBUG 17644 --- [nio-8080-exec-5] o.s.security.web.FilterChainProxy        : Secured GET /api/items
2025-11-15T18:36:01.213-03:00 DEBUG 17644 --- [nio-8080-exec-8] o.s.security.web.FilterChainProxy        : Securing GET /api/menus
2025-11-15T18:36:01.213-03:00 DEBUG 17644 --- [nio-8080-exec-7] o.s.security.web.FilterChainProxy        : Securing GET /api/items
2025-11-15T18:36:01.213-03:00 DEBUG 17644 --- [nio-8080-exec-8] o.s.s.w.a.AnonymousAuthenticationFilter  : Set SecurityContextHolder to anonymous SecurityContext
2025-11-15T18:36:01.213-03:00 DEBUG 17644 --- [nio-8080-exec-8] o.s.security.web.FilterChainProxy        : Secured GET /api/menus
2025-11-15T18:36:01.213-03:00 DEBUG 17644 --- [nio-8080-exec-7] o.s.s.w.a.AnonymousAuthenticationFilter  : Set SecurityContextHolder to anonymous SecurityContext
2025-11-15T18:36:01.213-03:00 DEBUG 17644 --- [nio-8080-exec-7] o.s.security.web.FilterChainProxy        : Secured GET /api/items
2025-11-15T18:36:09.147-03:00 DEBUG 17644 --- [nio-8080-exec-9] o.s.security.web.FilterChainProxy        : Securing GET /
2025-11-15T18:36:09.147-03:00 DEBUG 17644 --- [nio-8080-exec-9] o.s.s.w.a.AnonymousAuthenticationFilter  : Set SecurityContextHolder to anonymous SecurityContext
2025-11-15T18:36:09.151-03:00 DEBUG 17644 --- [nio-8080-exec-9] o.s.security.web.FilterChainProxy        : Secured GET /
2025-11-15T18:36:09.175-03:00 DEBUG 17644 --- [io-8080-exec-10] o.s.security.web.FilterChainProxy        : Securing GET /api/items
2025-11-15T18:36:09.178-03:00 DEBUG 17644 --- [io-8080-exec-10] o.s.s.w.a.AnonymousAuthenticationFilter  : Set SecurityContextHolder to anonymous SecurityContext
2025-11-15T18:36:09.178-03:00 DEBUG 17644 --- [io-8080-exec-10] o.s.security.web.FilterChainProxy        : Secured GET /api/items
2025-11-15T18:36:16.637-03:00 DEBUG 17644 --- [nio-8080-exec-2] o.s.security.web.FilterChainProxy        : Securing GET /api/menus
2025-11-15T18:36:16.669-03:00 DEBUG 17644 --- [nio-8080-exec-2] o.s.s.w.a.AnonymousAuthenticationFilter  : Set SecurityContextHolder to anonymous SecurityContext
2025-11-15T18:36:16.674-03:00 DEBUG 17644 --- [nio-8080-exec-2] o.s.security.web.FilterChainProxy        : Secured GET /api/menus
2025-11-15T18:36:36.920-03:00 DEBUG 17644 --- [nio-8080-exec-1] o.s.security.web.FilterChainProxy        : Securing DELETE /api/menus/66
2025-11-15T18:36:36.922-03:00 DEBUG 17644 --- [nio-8080-exec-1] o.s.s.w.a.AnonymousAuthenticationFilter  : Set SecurityContextHolder to anonymous SecurityContext
2025-11-15T18:36:36.924-03:00 DEBUG 17644 --- [nio-8080-exec-1] o.s.security.web.FilterChainProxy        : Secured DELETE /api/menus/66
2025-11-15T18:36:41.026-03:00 DEBUG 17644 --- [nio-8080-exec-3] o.s.security.web.FilterChainProxy        : Securing GET /api/menus
2025-11-15T18:36:41.026-03:00 DEBUG 17644 --- [nio-8080-exec-3] o.s.s.w.a.AnonymousAuthenticationFilter  : Set SecurityContextHolder to anonymous SecurityContext
2025-11-15T18:36:41.029-03:00 DEBUG 17644 --- [nio-8080-exec-3] o.s.security.web.FilterChainProxy        : Secured GET /api/menus
2025-11-15T18:36:51.327-03:00 DEBUG 17644 --- [nio-8080-exec-4] o.s.security.web.FilterChainProxy        : Securing DELETE /api/menus/33
2025-11-15T18:36:51.331-03:00 DEBUG 17644 --- [nio-8080-exec-4] o.s.s.w.a.AnonymousAuthenticationFilter  : Set SecurityContextHolder to anonymous SecurityContext
2025-11-15T18:36:51.331-03:00 DEBUG 17644 --- [nio-8080-exec-4] o.s.security.web.FilterChainProxy        : Secured DELETE /api/menus/33
2025-11-15T18:37:26.847-03:00 DEBUG 17644 --- [nio-8080-exec-5] o.s.security.web.FilterChainProxy        : Securing POST /api/menus
2025-11-15T18:37:26.865-03:00 DEBUG 17644 --- [nio-8080-exec-5] o.s.s.w.a.AnonymousAuthenticationFilter  : Set SecurityContextHolder to anonymous SecurityContext
2025-11-15T18:37:26.881-03:00 DEBUG 17644 --- [nio-8080-exec-5] o.s.security.web.FilterChainProxy        : Secured POST /api/menus
2025-11-15T18:37:31.706-03:00 DEBUG 17644 --- [nio-8080-exec-6] o.s.security.web.FilterChainProxy        : Securing GET /api/menus
2025-11-15T18:37:31.707-03:00 DEBUG 17644 --- [nio-8080-exec-6] o.s.s.w.a.AnonymousAuthenticationFilter  : Set SecurityContextHolder to anonymous SecurityContext
2025-11-15T18:37:31.708-03:00 DEBUG 17644 --- [nio-8080-exec-6] o.s.security.web.FilterChainProxy        : Secured GET /api/menus
2025-11-15T18:37:39.129-03:00 DEBUG 17644 --- [nio-8080-exec-7] o.s.security.web.FilterChainProxy        : Securing GET /api/items
2025-11-15T18:37:39.139-03:00 DEBUG 17644 --- [nio-8080-exec-7] o.s.s.w.a.AnonymousAuthenticationFilter  : Set SecurityContextHolder to anonymous SecurityContext
2025-11-15T18:37:39.139-03:00 DEBUG 17644 --- [nio-8080-exec-7] o.s.security.web.FilterChainProxy        : Secured GET /api/items
2025-11-15T18:37:39.440-03:00 DEBUG 17644 --- [nio-8080-exec-8] o.s.security.web.FilterChainProxy        : Securing GET /api/menus
2025-11-15T18:37:39.440-03:00 DEBUG 17644 --- [nio-8080-exec-8] o.s.s.w.a.AnonymousAuthenticationFilter  : Set SecurityContextHolder to anonymous SecurityContext
2025-11-15T18:37:39.440-03:00 DEBUG 17644 --- [nio-8080-exec-8] o.s.security.web.FilterChainProxy        : Secured GET /api/menus
2025-11-15T18:37:39.483-03:00 DEBUG 17644 --- [nio-8080-exec-9] o.s.security.web.FilterChainProxy        : Securing GET /api/items
2025-11-15T18:37:39.483-03:00 DEBUG 17644 --- [nio-8080-exec-9] o.s.s.w.a.AnonymousAuthenticationFilter  : Set SecurityContextHolder to anonymous SecurityContext
2025-11-15T18:37:39.483-03:00 DEBUG 17644 --- [nio-8080-exec-9] o.s.security.web.FilterChainProxy        : Secured GET /api/items
2025-11-15T18:37:39.502-03:00 DEBUG 17644 --- [io-8080-exec-10] o.s.security.web.FilterChainProxy        : Securing GET /api/menus
2025-11-15T18:37:39.506-03:00 DEBUG 17644 --- [io-8080-exec-10] o.s.s.w.a.AnonymousAuthenticationFilter  : Set SecurityContextHolder to anonymous SecurityContext
2025-11-15T18:37:39.507-03:00 DEBUG 17644 --- [io-8080-exec-10] o.s.security.web.FilterChainProxy        : Secured GET /api/menus
2025-11-15T18:37:55.800-03:00 DEBUG 17644 --- [nio-8080-exec-2] o.s.security.web.FilterChainProxy        : Securing DELETE /api/menus/98
2025-11-15T18:37:55.802-03:00 DEBUG 17644 --- [nio-8080-exec-2] o.s.s.w.a.AnonymousAuthenticationFilter  : Set SecurityContextHolder to anonymous SecurityContext
2025-11-15T18:37:55.804-03:00 DEBUG 17644 --- [nio-8080-exec-2] o.s.security.web.FilterChainProxy        : Secured DELETE /api/menus/98
2025-11-15T18:37:58.050-03:00 DEBUG 17644 --- [nio-8080-exec-1] o.s.security.web.FilterChainProxy        : Securing DELETE /api/menus/97
2025-11-15T18:37:58.051-03:00 DEBUG 17644 --- [nio-8080-exec-1] o.s.s.w.a.AnonymousAuthenticationFilter  : Set SecurityContextHolder to anonymous SecurityContext
2025-11-15T18:37:58.051-03:00 DEBUG 17644 --- [nio-8080-exec-1] o.s.security.web.FilterChainProxy        : Secured DELETE /api/menus/97
2025-11-15T18:39:15.166-03:00 DEBUG 17644 --- [nio-8080-exec-4] o.s.security.web.FilterChainProxy        : Securing PUT /api/menus/3
2025-11-15T18:39:15.170-03:00 DEBUG 17644 --- [nio-8080-exec-4] o.s.s.w.a.AnonymousAuthenticationFilter  : Set SecurityContextHolder to anonymous SecurityContext
2025-11-15T18:39:15.171-03:00 DEBUG 17644 --- [nio-8080-exec-4] o.s.security.web.FilterChainProxy        : Secured PUT /api/menus/3
2025-11-15T18:39:36.422-03:00 DEBUG 17644 --- [nio-8080-exec-5] o.s.security.web.FilterChainProxy        : Securing PUT /api/menus/4
2025-11-15T18:39:36.423-03:00 DEBUG 17644 --- [nio-8080-exec-5] o.s.s.w.a.AnonymousAuthenticationFilter  : Set SecurityContextHolder to anonymous SecurityContext
2025-11-15T18:39:36.425-03:00 DEBUG 17644 --- [nio-8080-exec-5] o.s.security.web.FilterChainProxy        : Secured PUT /api/menus/4
2025-11-15T18:40:07.742-03:00 DEBUG 17644 --- [nio-8080-exec-6] o.s.security.web.FilterChainProxy        : Securing PUT /api/menus/5
2025-11-15T18:40:07.742-03:00 DEBUG 17644 --- [nio-8080-exec-6] o.s.s.w.a.AnonymousAuthenticationFilter  : Set SecurityContextHolder to anonymous SecurityContext
2025-11-15T18:40:07.742-03:00 DEBUG 17644 --- [nio-8080-exec-6] o.s.security.web.FilterChainProxy        : Secured PUT /api/menus/5
2025-11-15T18:40:28.424-03:00 DEBUG 17644 --- [nio-8080-exec-7] o.s.security.web.FilterChainProxy        : Securing PUT /api/menus/34
2025-11-15T18:40:28.437-03:00 DEBUG 17644 --- [nio-8080-exec-7] o.s.s.w.a.AnonymousAuthenticationFilter  : Set SecurityContextHolder to anonymous SecurityContext
2025-11-15T18:40:28.438-03:00 DEBUG 17644 --- [nio-8080-exec-7] o.s.security.web.FilterChainProxy        : Secured PUT /api/menus/34
2025-11-15T18:40:43.585-03:00 DEBUG 17644 --- [nio-8080-exec-8] o.s.security.web.FilterChainProxy        : Securing PUT /api/menus/35
2025-11-15T18:40:43.588-03:00 DEBUG 17644 --- [nio-8080-exec-8] o.s.s.w.a.AnonymousAuthenticationFilter  : Set SecurityContextHolder to anonymous SecurityContext
2025-11-15T18:40:43.589-03:00 DEBUG 17644 --- [nio-8080-exec-8] o.s.security.web.FilterChainProxy        : Secured PUT /api/menus/35
2025-11-15T18:40:56.439-03:00 DEBUG 17644 --- [nio-8080-exec-9] o.s.security.web.FilterChainProxy        : Securing PUT /api/menus/65
2025-11-15T18:40:56.439-03:00 DEBUG 17644 --- [nio-8080-exec-9] o.s.s.w.a.AnonymousAuthenticationFilter  : Set SecurityContextHolder to anonymous SecurityContext
2025-11-15T18:40:56.439-03:00 DEBUG 17644 --- [nio-8080-exec-9] o.s.security.web.FilterChainProxy        : Secured PUT /api/menus/65
2025-11-15T18:41:00.209-03:00 DEBUG 17644 --- [io-8080-exec-10] o.s.security.web.FilterChainProxy        : Securing GET /api/items
2025-11-15T18:41:00.212-03:00 DEBUG 17644 --- [io-8080-exec-10] o.s.s.w.a.AnonymousAuthenticationFilter  : Set SecurityContextHolder to anonymous SecurityContext
2025-11-15T18:41:00.212-03:00 DEBUG 17644 --- [io-8080-exec-10] o.s.security.web.FilterChainProxy        : Secured GET /api/items
2025-11-15T18:41:00.227-03:00 DEBUG 17644 --- [nio-8080-exec-2] o.s.security.web.FilterChainProxy        : Securing GET /api/menus
2025-11-15T18:41:00.229-03:00 DEBUG 17644 --- [nio-8080-exec-2] o.s.s.w.a.AnonymousAuthenticationFilter  : Set SecurityContextHolder to anonymous SecurityContext
2025-11-15T18:41:00.230-03:00 DEBUG 17644 --- [nio-8080-exec-2] o.s.security.web.FilterChainProxy        : Secured GET /api/menus
2025-11-15T18:41:00.520-03:00 DEBUG 17644 --- [nio-8080-exec-1] o.s.security.web.FilterChainProxy        : Securing GET /api/items
2025-11-15T18:41:00.520-03:00 DEBUG 17644 --- [nio-8080-exec-1] o.s.s.w.a.AnonymousAuthenticationFilter  : Set SecurityContextHolder to anonymous SecurityContext
2025-11-15T18:41:00.520-03:00 DEBUG 17644 --- [nio-8080-exec-1] o.s.security.web.FilterChainProxy        : Secured GET /api/items
2025-11-15T18:41:00.548-03:00 DEBUG 17644 --- [nio-8080-exec-3] o.s.security.web.FilterChainProxy        : Securing GET /api/menus
2025-11-15T18:41:00.548-03:00 DEBUG 17644 --- [nio-8080-exec-3] o.s.s.w.a.AnonymousAuthenticationFilter  : Set SecurityContextHolder to anonymous SecurityContext
2025-11-15T18:41:00.548-03:00 DEBUG 17644 --- [nio-8080-exec-3] o.s.security.web.FilterChainProxy        : Secured GET /api/menus
2025-11-15T18:41:05.293-03:00 DEBUG 17644 --- [nio-8080-exec-4] o.s.security.web.FilterChainProxy        : Securing GET /api/menus
2025-11-15T18:41:05.295-03:00 DEBUG 17644 --- [nio-8080-exec-4] o.s.s.w.a.AnonymousAuthenticationFilter  : Set SecurityContextHolder to anonymous SecurityContext
2025-11-15T18:41:05.297-03:00 DEBUG 17644 --- [nio-8080-exec-4] o.s.security.web.FilterChainProxy        : Secured GET /api/menus
2025-11-15T18:41:15.220-03:00 DEBUG 17644 --- [nio-8080-exec-5] o.s.security.web.FilterChainProxy        : Securing GET /api/items
2025-11-15T18:41:15.224-03:00 DEBUG 17644 --- [nio-8080-exec-5] o.s.s.w.a.AnonymousAuthenticationFilter  : Set SecurityContextHolder to anonymous SecurityContext
2025-11-15T18:41:15.224-03:00 DEBUG 17644 --- [nio-8080-exec-5] o.s.security.web.FilterChainProxy        : Secured GET /api/items
2025-11-15T18:41:15.559-03:00 DEBUG 17644 --- [nio-8080-exec-6] o.s.security.web.FilterChainProxy        : Securing GET /api/menus
2025-11-15T18:41:15.563-03:00 DEBUG 17644 --- [nio-8080-exec-6] o.s.s.w.a.AnonymousAuthenticationFilter  : Set SecurityContextHolder to anonymous SecurityContext
2025-11-15T18:41:15.563-03:00 DEBUG 17644 --- [nio-8080-exec-6] o.s.security.web.FilterChainProxy        : Secured GET /api/menus
2025-11-15T18:41:15.665-03:00 DEBUG 17644 --- [nio-8080-exec-7] o.s.security.web.FilterChainProxy        : Securing GET /api/items
2025-11-15T18:41:15.667-03:00 DEBUG 17644 --- [nio-8080-exec-7] o.s.s.w.a.AnonymousAuthenticationFilter  : Set SecurityContextHolder to anonymous SecurityContext
2025-11-15T18:41:15.669-03:00 DEBUG 17644 --- [nio-8080-exec-7] o.s.security.web.FilterChainProxy        : Secured GET /api/items
2025-11-15T18:41:15.673-03:00 DEBUG 17644 --- [nio-8080-exec-8] o.s.security.web.FilterChainProxy        : Securing GET /api/menus
2025-11-15T18:41:15.673-03:00 DEBUG 17644 --- [nio-8080-exec-8] o.s.s.w.a.AnonymousAuthenticationFilter  : Set SecurityContextHolder to anonymous SecurityContext
2025-11-15T18:41:15.675-03:00 DEBUG 17644 --- [nio-8080-exec-8] o.s.security.web.FilterChainProxy        : Secured GET /api/menus
2025-11-15T18:41:32.420-03:00 DEBUG 17644 --- [nio-8080-exec-9] o.s.security.web.FilterChainProxy        : Securing GET /api/items
2025-11-15T18:41:32.420-03:00 DEBUG 17644 --- [io-8080-exec-10] o.s.security.web.FilterChainProxy        : Securing GET /api/menus
2025-11-15T18:41:32.420-03:00 DEBUG 17644 --- [io-8080-exec-10] o.s.s.w.a.AnonymousAuthenticationFilter  : Set SecurityContextHolder to anonymous SecurityContext
2025-11-15T18:41:32.420-03:00 DEBUG 17644 --- [nio-8080-exec-9] o.s.s.w.a.AnonymousAuthenticationFilter  : Set SecurityContextHolder to anonymous SecurityContext
2025-11-15T18:41:32.420-03:00 DEBUG 17644 --- [io-8080-exec-10] o.s.security.web.FilterChainProxy        : Secured GET /api/menus
2025-11-15T18:41:32.420-03:00 DEBUG 17644 --- [nio-8080-exec-9] o.s.security.web.FilterChainProxy        : Secured GET /api/items
2025-11-15T18:41:32.708-03:00 DEBUG 17644 --- [nio-8080-exec-1] o.s.security.web.FilterChainProxy        : Securing GET /api/menus
2025-11-15T18:41:32.708-03:00 DEBUG 17644 --- [nio-8080-exec-2] o.s.security.web.FilterChainProxy        : Securing GET /api/items
2025-11-15T18:41:32.712-03:00 DEBUG 17644 --- [nio-8080-exec-1] o.s.s.w.a.AnonymousAuthenticationFilter  : Set SecurityContextHolder to anonymous SecurityContext
2025-11-15T18:41:32.712-03:00 DEBUG 17644 --- [nio-8080-exec-2] o.s.s.w.a.AnonymousAuthenticationFilter  : Set SecurityContextHolder to anonymous SecurityContext
2025-11-15T18:41:32.713-03:00 DEBUG 17644 --- [nio-8080-exec-2] o.s.security.web.FilterChainProxy        : Secured GET /api/items
2025-11-15T18:41:32.717-03:00 DEBUG 17644 --- [nio-8080-exec-1] o.s.security.web.FilterChainProxy        : Secured GET /api/menus
[INFO] ------------------------------------------------------------------------
[INFO] BUILD FAILURE
[INFO] ------------------------------------------------------------------------
[INFO] Total time:  33:41 min
[INFO] Finished at: 2025-11-15T18:57:34-03:00
[INFO] ------------------------------------------------------------------------
[ERROR] Failed to execute goal org.springframework.boot:spring-boot-maven-plugin:3.1.4:run (default-cli) on project backend: Process terminated with exit code: -1 -> [Help 1]
[ERROR] 
[ERROR] To see the full stack trace of the errors, re-run Maven with the -e switch.
[ERROR] Re-run Maven using the -X switch to enable full debug logging.
[ERROR] 
[ERROR] For more information about the errors and possible solutions, please read the following articles:
[ERROR] [Help 1] http://cwiki.apache.org/confluence/display/MAVEN/MojoExecutionException
