
  .   ____          _            __ _ _
 /\\ / ___'_ __ _ _(_)_ __  __ _ \ \ \ \
( ( )\___ | '_ | '_| | '_ \/ _` | \ \ \ \
 \\/  ___)| |_)| | | | | || (_| |  ) ) ) )
  '  |____| .__|_| |_|_| |_\__, | / / / /
 =========|_|==============|___/=/_/_/_/
 :: Spring Boot ::                (v3.1.4)

2025-11-09T17:03:19.763-03:00  INFO 20840 --- [           main] com.gourmethub.backend.Application       : Starting Application v0.0.1-SNAPSHOT using Java 20.0.2 with PID 20840 (C:\Users\julig\Desktop\AplicacionServicioComedores\backend\target\backend-0.0.1-SNAPSHOT.jar started by julig in C:\Users\julig\Desktop\AplicacionServicioComedores\backend)
2025-11-09T17:03:19.792-03:00  INFO 20840 --- [           main] com.gourmethub.backend.Application       : The following 1 profile is active: "dev"
2025-11-09T17:03:22.703-03:00  INFO 20840 --- [           main] .s.d.r.c.RepositoryConfigurationDelegate : Bootstrapping Spring Data JPA repositories in DEFAULT mode.
2025-11-09T17:03:22.907-03:00  INFO 20840 --- [           main] .s.d.r.c.RepositoryConfigurationDelegate : Finished Spring Data repository scanning in 165 ms. Found 3 JPA repository interfaces.
2025-11-09T17:03:25.397-03:00  INFO 20840 --- [           main] o.s.b.w.embedded.tomcat.TomcatWebServer  : Tomcat initialized with port(s): 8080 (http)
2025-11-09T17:03:25.504-03:00  INFO 20840 --- [           main] o.apache.catalina.core.StandardService   : Starting service [Tomcat]
2025-11-09T17:03:25.506-03:00  INFO 20840 --- [           main] o.apache.catalina.core.StandardEngine    : Starting Servlet engine: [Apache Tomcat/10.1.13]
2025-11-09T17:03:25.742-03:00  INFO 20840 --- [           main] o.a.c.c.C.[Tomcat].[localhost].[/]       : Initializing Spring embedded WebApplicationContext
2025-11-09T17:03:25.766-03:00  INFO 20840 --- [           main] w.s.c.ServletWebServerApplicationContext : Root WebApplicationContext: initialization completed in 5792 ms
2025-11-09T17:03:25.919-03:00  INFO 20840 --- [           main] com.zaxxer.hikari.HikariDataSource       : HikariPool-1 - Starting...
2025-11-09T17:03:26.789-03:00  INFO 20840 --- [           main] com.zaxxer.hikari.pool.HikariPool        : HikariPool-1 - Added connection conn0: url=jdbc:h2:file:./data/gourmet user=SA
2025-11-09T17:03:26.816-03:00  INFO 20840 --- [           main] com.zaxxer.hikari.HikariDataSource       : HikariPool-1 - Start completed.
2025-11-09T17:03:26.850-03:00  INFO 20840 --- [           main] o.s.b.a.h2.H2ConsoleAutoConfiguration    : H2 console available at '/h2-console'. Database available at 'jdbc:h2:file:./data/gourmet'
2025-11-09T17:03:27.432-03:00  INFO 20840 --- [           main] o.hibernate.jpa.internal.util.LogHelper  : HHH000204: Processing PersistenceUnitInfo [name: default]
2025-11-09T17:03:27.620-03:00  INFO 20840 --- [           main] org.hibernate.Version                    : HHH000412: Hibernate ORM core version 6.2.9.Final
2025-11-09T17:03:27.645-03:00  INFO 20840 --- [           main] org.hibernate.cfg.Environment            : HHH000406: Using bytecode reflection optimizer
2025-11-09T17:03:28.034-03:00  INFO 20840 --- [           main] o.h.b.i.BytecodeProviderInitiator        : HHH000021: Bytecode provider name : bytebuddy
2025-11-09T17:03:28.372-03:00  INFO 20840 --- [           main] o.s.o.j.p.SpringPersistenceUnitInfo      : No LoadTimeWeaver setup: ignoring JPA class transformer
2025-11-09T17:03:29.114-03:00  INFO 20840 --- [           main] o.h.b.i.BytecodeProviderInitiator        : HHH000021: Bytecode provider name : bytebuddy
2025-11-09T17:03:30.967-03:00  INFO 20840 --- [           main] o.h.e.t.j.p.i.JtaPlatformInitiator       : HHH000490: Using JtaPlatform implementation: [org.hibernate.engine.transaction.jta.platform.internal.NoJtaPlatform]
2025-11-09T17:03:31.121-03:00  INFO 20840 --- [           main] j.LocalContainerEntityManagerFactoryBean : Initialized JPA EntityManagerFactory for persistence unit 'default'
2025-11-09T17:03:33.125-03:00  WARN 20840 --- [           main] JpaBaseConfiguration$JpaWebConfiguration : spring.jpa.open-in-view is enabled by default. Therefore, database queries may be performed during view rendering. Explicitly configure spring.jpa.open-in-view to disable this warning
2025-11-09T17:03:33.290-03:00  WARN 20840 --- [           main] .s.s.UserDetailsServiceAutoConfiguration : 

Using generated security password: 81421db1-3ec5-4633-a428-e20c6d9232ef

This generated password is for development use only. Your security configuration must be updated before running your application in production.

2025-11-09T17:03:34.373-03:00  INFO 20840 --- [           main] o.s.s.web.DefaultSecurityFilterChain     : Will secure any request with [org.springframework.security.web.session.DisableEncodeUrlFilter@5f05c8d6, org.springframework.security.web.context.request.async.WebAsyncManagerIntegrationFilter@68e02f33, org.springframework.security.web.context.SecurityContextHolderFilter@3667faa8, org.springframework.security.web.header.HeaderWriterFilter@bc6288b, org.springframework.web.filter.CorsFilter@64942607, org.springframework.security.web.authentication.logout.LogoutFilter@5dbb50f3, com.gourmethub.backend.config.JwtFilter@3676ac27, org.springframework.security.web.savedrequest.RequestCacheAwareFilter@3138953b, org.springframework.security.web.servletapi.SecurityContextHolderAwareRequestFilter@b46e103, org.springframework.security.web.authentication.AnonymousAuthenticationFilter@d48e998, org.springframework.security.web.session.SessionManagementFilter@6d099323, org.springframework.security.web.access.ExceptionTranslationFilter@49a6f486, org.springframework.security.web.access.intercept.AuthorizationFilter@2c63762b]
2025-11-09T17:03:35.218-03:00  INFO 20840 --- [           main] o.s.b.w.embedded.tomcat.TomcatWebServer  : Tomcat started on port(s): 8080 (http) with context path ''
2025-11-09T17:03:35.271-03:00  INFO 20840 --- [           main] com.gourmethub.backend.Application       : Started Application in 16.747 seconds (process running for 18.767)
2025-11-09T17:03:38.136-03:00  INFO 20840 --- [nio-8080-exec-1] o.a.c.c.C.[Tomcat].[localhost].[/]       : Initializing Spring DispatcherServlet 'dispatcherServlet'
2025-11-09T17:03:38.136-03:00  INFO 20840 --- [nio-8080-exec-1] o.s.web.servlet.DispatcherServlet        : Initializing Servlet 'dispatcherServlet'
2025-11-09T17:03:38.136-03:00  INFO 20840 --- [nio-8080-exec-1] o.s.web.servlet.DispatcherServlet        : Completed initialization in 0 ms
2025-11-09T17:03:38.160-03:00 DEBUG 20840 --- [nio-8080-exec-1] o.s.security.web.FilterChainProxy        : Securing GET /health
2025-11-09T17:03:38.198-03:00 DEBUG 20840 --- [nio-8080-exec-1] o.s.s.w.a.AnonymousAuthenticationFilter  : Set SecurityContextHolder to anonymous SecurityContext
2025-11-09T17:03:38.204-03:00 DEBUG 20840 --- [nio-8080-exec-1] o.s.security.web.FilterChainProxy        : Secured GET /health
2025-11-09T17:03:45.081-03:00 DEBUG 20840 --- [nio-8080-exec-2] o.s.security.web.FilterChainProxy        : Securing GET /api/items
2025-11-09T17:03:45.105-03:00 DEBUG 20840 --- [nio-8080-exec-2] o.s.s.w.a.AnonymousAuthenticationFilter  : Set SecurityContextHolder to anonymous SecurityContext
2025-11-09T17:03:45.109-03:00 DEBUG 20840 --- [nio-8080-exec-2] o.s.security.web.FilterChainProxy        : Secured GET /api/items
2025-11-09T17:09:07.346-03:00 DEBUG 20840 --- [nio-8080-exec-4] o.s.security.web.FilterChainProxy        : Securing GET /api/items
2025-11-09T17:09:07.369-03:00 DEBUG 20840 --- [nio-8080-exec-4] o.s.s.w.a.AnonymousAuthenticationFilter  : Set SecurityContextHolder to anonymous SecurityContext
2025-11-09T17:09:07.369-03:00 DEBUG 20840 --- [nio-8080-exec-4] o.s.security.web.FilterChainProxy        : Secured GET /api/items
2025-11-09T17:09:27.440-03:00 DEBUG 20840 --- [nio-8080-exec-5] o.s.security.web.FilterChainProxy        : Securing GET /
2025-11-09T17:09:27.442-03:00 DEBUG 20840 --- [nio-8080-exec-5] o.s.s.w.a.AnonymousAuthenticationFilter  : Set SecurityContextHolder to anonymous SecurityContext
2025-11-09T17:09:27.444-03:00 DEBUG 20840 --- [nio-8080-exec-5] o.s.security.web.FilterChainProxy        : Secured GET /
2025-11-09T17:09:27.478-03:00 DEBUG 20840 --- [nio-8080-exec-6] o.s.security.web.FilterChainProxy        : Securing GET /api/items
2025-11-09T17:09:27.480-03:00 DEBUG 20840 --- [nio-8080-exec-6] o.s.s.w.a.AnonymousAuthenticationFilter  : Set SecurityContextHolder to anonymous SecurityContext
2025-11-09T17:09:27.482-03:00 DEBUG 20840 --- [nio-8080-exec-6] o.s.security.web.FilterChainProxy        : Secured GET /api/items
2025-11-09T17:09:27.707-03:00 DEBUG 20840 --- [nio-8080-exec-7] o.s.security.web.FilterChainProxy        : Securing GET /favicon.ico
2025-11-09T17:09:27.718-03:00 DEBUG 20840 --- [nio-8080-exec-7] o.s.s.w.a.AnonymousAuthenticationFilter  : Set SecurityContextHolder to anonymous SecurityContext
2025-11-09T17:09:27.718-03:00 DEBUG 20840 --- [nio-8080-exec-7] o.s.security.web.FilterChainProxy        : Secured GET /favicon.ico
2025-11-09T17:09:27.933-03:00 DEBUG 20840 --- [nio-8080-exec-7] o.s.security.web.FilterChainProxy        : Securing GET /error
2025-11-09T17:09:27.933-03:00 DEBUG 20840 --- [nio-8080-exec-7] o.s.security.web.FilterChainProxy        : Secured GET /error
2025-11-09T17:09:27.970-03:00 DEBUG 20840 --- [nio-8080-exec-7] o.s.s.w.a.AnonymousAuthenticationFilter  : Set SecurityContextHolder to anonymous SecurityContext
2025-11-09T17:15:44.156-03:00 DEBUG 20840 --- [io-8080-exec-10] o.s.security.web.FilterChainProxy        : Securing GET /health
2025-11-09T17:15:44.158-03:00 DEBUG 20840 --- [io-8080-exec-10] o.s.s.w.a.AnonymousAuthenticationFilter  : Set SecurityContextHolder to anonymous SecurityContext
2025-11-09T17:15:44.160-03:00 DEBUG 20840 --- [io-8080-exec-10] o.s.security.web.FilterChainProxy        : Secured GET /health
2025-11-09T17:15:46.529-03:00 DEBUG 20840 --- [nio-8080-exec-1] o.s.security.web.FilterChainProxy        : Securing GET /api/items
2025-11-09T17:15:46.531-03:00 DEBUG 20840 --- [nio-8080-exec-1] o.s.s.w.a.AnonymousAuthenticationFilter  : Set SecurityContextHolder to anonymous SecurityContext
2025-11-09T17:15:46.531-03:00 DEBUG 20840 --- [nio-8080-exec-1] o.s.security.web.FilterChainProxy        : Secured GET /api/items
2025-11-09T17:17:43.678-03:00 DEBUG 20840 --- [nio-8080-exec-3] o.s.security.web.FilterChainProxy        : Securing GET /api/items
2025-11-09T17:17:43.700-03:00 DEBUG 20840 --- [nio-8080-exec-3] o.s.s.w.a.AnonymousAuthenticationFilter  : Set SecurityContextHolder to anonymous SecurityContext
2025-11-09T17:17:43.700-03:00 DEBUG 20840 --- [nio-8080-exec-3] o.s.security.web.FilterChainProxy        : Secured GET /api/items
2025-11-09T17:21:46.917-03:00 DEBUG 20840 --- [nio-8080-exec-5] o.s.security.web.FilterChainProxy        : Securing GET /api/items
2025-11-09T17:21:46.921-03:00 DEBUG 20840 --- [nio-8080-exec-5] o.s.s.w.a.AnonymousAuthenticationFilter  : Set SecurityContextHolder to anonymous SecurityContext
2025-11-09T17:21:46.921-03:00 DEBUG 20840 --- [nio-8080-exec-5] o.s.security.web.FilterChainProxy        : Secured GET /api/items
2025-11-09T17:22:00.612-03:00 DEBUG 20840 --- [nio-8080-exec-6] o.s.security.web.FilterChainProxy        : Securing GET /health
2025-11-09T17:22:00.634-03:00 DEBUG 20840 --- [nio-8080-exec-6] o.s.s.w.a.AnonymousAuthenticationFilter  : Set SecurityContextHolder to anonymous SecurityContext
2025-11-09T17:22:00.635-03:00 DEBUG 20840 --- [nio-8080-exec-6] o.s.security.web.FilterChainProxy        : Secured GET /health
2025-11-09T17:39:20.234-03:00 DEBUG 20840 --- [nio-8080-exec-8] o.s.security.web.FilterChainProxy        : Securing GET /api/items
2025-11-09T17:39:20.236-03:00 DEBUG 20840 --- [nio-8080-exec-8] o.s.s.w.a.AnonymousAuthenticationFilter  : Set SecurityContextHolder to anonymous SecurityContext
2025-11-09T17:39:20.236-03:00 DEBUG 20840 --- [nio-8080-exec-8] o.s.security.web.FilterChainProxy        : Secured GET /api/items
2025-11-09T17:39:53.580-03:00 DEBUG 20840 --- [nio-8080-exec-9] o.s.security.web.FilterChainProxy        : Securing GET /api/menus
2025-11-09T17:39:53.584-03:00 DEBUG 20840 --- [nio-8080-exec-9] o.s.s.w.a.AnonymousAuthenticationFilter  : Set SecurityContextHolder to anonymous SecurityContext
2025-11-09T17:39:53.584-03:00 DEBUG 20840 --- [nio-8080-exec-9] o.s.security.web.FilterChainProxy        : Secured GET /api/menus
2025-11-09T17:40:04.038-03:00 DEBUG 20840 --- [io-8080-exec-10] o.s.security.web.FilterChainProxy        : Securing GET /api/menus
2025-11-09T17:40:04.062-03:00 DEBUG 20840 --- [io-8080-exec-10] o.s.s.w.a.AnonymousAuthenticationFilter  : Set SecurityContextHolder to anonymous SecurityContext
2025-11-09T17:40:04.065-03:00 DEBUG 20840 --- [io-8080-exec-10] o.s.security.web.FilterChainProxy        : Secured GET /api/menus
2025-11-09T17:42:10.692-03:00 DEBUG 20840 --- [nio-8080-exec-2] o.s.security.web.FilterChainProxy        : Securing GET /api/menus
2025-11-09T17:42:10.699-03:00 DEBUG 20840 --- [nio-8080-exec-2] o.s.s.w.a.AnonymousAuthenticationFilter  : Set SecurityContextHolder to anonymous SecurityContext
2025-11-09T17:42:10.701-03:00 DEBUG 20840 --- [nio-8080-exec-2] o.s.security.web.FilterChainProxy        : Secured GET /api/menus
